2020-09-22 15:10:33,738 INFO [org.springframework.test.context.support.DefaultTestContextBootstrapper] - Loaded default TestExecutionListener class names from location [META-INF/spring.factories]: [org.springframework.test.context.web.ServletTestExecutionListener, org.springframework.test.context.support.DirtiesContextBeforeModesTestExecutionListener, org.springframework.test.context.support.DependencyInjectionTestExecutionListener, org.springframework.test.context.support.DirtiesContextTestExecutionListener, org.springframework.test.context.transaction.TransactionalTestExecutionListener, org.springframework.test.context.jdbc.SqlScriptsTestExecutionListener]
2020-09-22 15:10:33,758 INFO [org.springframework.test.context.support.DefaultTestContextBootstrapper] - Using TestExecutionListeners: [org.springframework.test.context.web.ServletTestExecutionListener@5ef60048, org.springframework.test.context.support.DirtiesContextBeforeModesTestExecutionListener@1d548a08, org.springframework.test.context.support.DependencyInjectionTestExecutionListener@16aa0a0a, org.springframework.test.context.support.DirtiesContextTestExecutionListener@780cb77, org.springframework.test.context.transaction.TransactionalTestExecutionListener@691a7f8f, org.springframework.test.context.jdbc.SqlScriptsTestExecutionListener@50a7bc6e]
2020-09-22 15:10:33,830 INFO [org.springframework.beans.factory.xml.XmlBeanDefinitionReader] - Loading XML bean definitions from class path resource [spring-context.xml]
2020-09-22 15:10:34,061 INFO [org.springframework.beans.factory.xml.XmlBeanDefinitionReader] - Loading XML bean definitions from class path resource [spring-context-druid.xml]
2020-09-22 15:10:34,090 INFO [org.springframework.beans.factory.xml.XmlBeanDefinitionReader] - Loading XML bean definitions from class path resource [spring-context-mybatis.xml]
2020-09-22 15:10:34,107 INFO [org.springframework.context.support.GenericApplicationContext] - Refreshing org.springframework.context.support.GenericApplicationContext@358ee631: startup date [Tue Sep 22 15:10:34 CST 2020]; root of context hierarchy
2020-09-22 15:10:34,691 INFO [com.alibaba.druid.pool.DruidDataSource] - {dataSource-1} inited
2020-09-22 15:10:34,931 INFO [org.springframework.context.support.GenericApplicationContext] - Closing org.springframework.context.support.GenericApplicationContext@358ee631: startup date [Tue Sep 22 15:10:34 CST 2020]; root of context hierarchy
2020-09-22 15:10:34,940 INFO [com.alibaba.druid.pool.DruidDataSource] - {dataSource-1} closed
2020-09-22 16:11:43,199 INFO [org.springframework.test.context.support.DefaultTestContextBootstrapper] - Loaded default TestExecutionListener class names from location [META-INF/spring.factories]: [org.springframework.test.context.web.ServletTestExecutionListener, org.springframework.test.context.support.DirtiesContextBeforeModesTestExecutionListener, org.springframework.test.context.support.DependencyInjectionTestExecutionListener, org.springframework.test.context.support.DirtiesContextTestExecutionListener, org.springframework.test.context.transaction.TransactionalTestExecutionListener, org.springframework.test.context.jdbc.SqlScriptsTestExecutionListener]
2020-09-22 16:11:43,217 INFO [org.springframework.test.context.support.DefaultTestContextBootstrapper] - Using TestExecutionListeners: [org.springframework.test.context.web.ServletTestExecutionListener@5af97850, org.springframework.test.context.support.DirtiesContextBeforeModesTestExecutionListener@5ef60048, org.springframework.test.context.support.DependencyInjectionTestExecutionListener@1d548a08, org.springframework.test.context.support.DirtiesContextTestExecutionListener@16aa0a0a, org.springframework.test.context.transaction.TransactionalTestExecutionListener@780cb77, org.springframework.test.context.jdbc.SqlScriptsTestExecutionListener@691a7f8f]
2020-09-22 16:11:43,286 INFO [org.springframework.beans.factory.xml.XmlBeanDefinitionReader] - Loading XML bean definitions from class path resource [spring-context.xml]
2020-09-22 16:11:43,514 INFO [org.springframework.beans.factory.xml.XmlBeanDefinitionReader] - Loading XML bean definitions from class path resource [spring-context-druid.xml]
2020-09-22 16:11:43,545 INFO [org.springframework.beans.factory.xml.XmlBeanDefinitionReader] - Loading XML bean definitions from class path resource [spring-context-mybatis.xml]
2020-09-22 16:11:43,564 INFO [org.springframework.context.support.GenericApplicationContext] - Refreshing org.springframework.context.support.GenericApplicationContext@233fe9b6: startup date [Tue Sep 22 16:11:43 CST 2020]; root of context hierarchy
2020-09-22 16:11:44,170 INFO [com.alibaba.druid.pool.DruidDataSource] - {dataSource-1} inited
2020-09-22 16:11:44,414 INFO [org.springframework.context.support.GenericApplicationContext] - Closing org.springframework.context.support.GenericApplicationContext@233fe9b6: startup date [Tue Sep 22 16:11:43 CST 2020]; root of context hierarchy
2020-09-22 16:11:44,422 INFO [com.alibaba.druid.pool.DruidDataSource] - {dataSource-1} closed
2020-09-22 16:43:06,736 INFO [org.springframework.test.context.support.DefaultTestContextBootstrapper] - Loaded default TestExecutionListener class names from location [META-INF/spring.factories]: [org.springframework.test.context.web.ServletTestExecutionListener, org.springframework.test.context.support.DirtiesContextBeforeModesTestExecutionListener, org.springframework.test.context.support.DependencyInjectionTestExecutionListener, org.springframework.test.context.support.DirtiesContextTestExecutionListener, org.springframework.test.context.transaction.TransactionalTestExecutionListener, org.springframework.test.context.jdbc.SqlScriptsTestExecutionListener]
2020-09-22 16:43:06,750 INFO [org.springframework.test.context.support.DefaultTestContextBootstrapper] - Using TestExecutionListeners: [org.springframework.test.context.web.ServletTestExecutionListener@5af97850, org.springframework.test.context.support.DirtiesContextBeforeModesTestExecutionListener@5ef60048, org.springframework.test.context.support.DependencyInjectionTestExecutionListener@1d548a08, org.springframework.test.context.support.DirtiesContextTestExecutionListener@16aa0a0a, org.springframework.test.context.transaction.TransactionalTestExecutionListener@780cb77, org.springframework.test.context.jdbc.SqlScriptsTestExecutionListener@691a7f8f]
2020-09-22 16:43:06,809 INFO [org.springframework.beans.factory.xml.XmlBeanDefinitionReader] - Loading XML bean definitions from class path resource [spring-context.xml]
2020-09-22 16:43:07,033 INFO [org.springframework.beans.factory.xml.XmlBeanDefinitionReader] - Loading XML bean definitions from class path resource [spring-context-druid.xml]
2020-09-22 16:43:07,061 INFO [org.springframework.beans.factory.xml.XmlBeanDefinitionReader] - Loading XML bean definitions from class path resource [spring-context-mybatis.xml]
2020-09-22 16:43:07,080 INFO [org.springframework.context.support.GenericApplicationContext] - Refreshing org.springframework.context.support.GenericApplicationContext@233fe9b6: startup date [Tue Sep 22 16:43:07 CST 2020]; root of context hierarchy
2020-09-22 16:43:07,687 INFO [com.alibaba.druid.pool.DruidDataSource] - {dataSource-1} inited
2020-09-22 16:43:07,975 INFO [org.springframework.context.support.GenericApplicationContext] - Closing org.springframework.context.support.GenericApplicationContext@233fe9b6: startup date [Tue Sep 22 16:43:07 CST 2020]; root of context hierarchy
2020-09-22 16:43:07,984 INFO [com.alibaba.druid.pool.DruidDataSource] - {dataSource-1} closed
